0001   0000             MUL16:
0002   0000 3A 51 00    	LD A, (MPRAD + 1)
0003   0003 4F          	LD C, A
0004   0004 3A 50 00    	LD A, (MPRAD)
0005   0007             
0006   0007 06 10       	LD B, 10H
0007   0009 ED 5B 60 00 	LD DE, (MPDAD)
0008   000D 21 00 00    	LD HL, 0
0009   0010             
0010   0010             MULT:
0011   0010 CB 39       	SRL C
0012   0012 1F          	RRA
0013   0013 D4 17 00    	CALL NC, NOADD
0014   0016 19          	ADD HL, DE
0015   0017             
0016   0017             NOADD:
0017   0017 EB          	EX DE, HL
0018   0018 29          	ADD HL, HL
0019   0019             
0020   0019 EB          	EX DE, HL
0021   001A 10 F4       	DJNZ MULT
0022   001C C9          	RET
0023   001D 22 70 00    	LD (RESP), HL
0024   0020             
0025   0020             MPRAD EQU 50H
0026   0020             MPDAD EQU 60H
0027   0020             RESP EQU 70H
Number of errors = 0
