0001   0000             ;Suma BCD 16 bits
0002   0000             ;Oscar Armando González Patiño
0003   0000             ;30 de septiembre de 2017
0004   0000             
0005   0000 3A 00 01    	LD A, (ADR1)
0006   0003 21 20 01    	LD HL, ADR2
0007   0006 86          	ADD A, (HL)
0008   0007 27          	DAA
0009   0008 32 40 01    	LD (ADR3), A	
0010   000B             
0011   000B 3A 01 01    	LD A, (ADR1+1)
0012   000E 23          	INC HL
0013   000F 8E          	ADC A, (HL)
0014   0010 27          	DAA
0015   0011 32 41 01    	LD (ADR3+1), A
0016   0014             
0017   0014             ADR1 EQU 0100H
0018   0014             ADR2 EQU 0120H
0019   0014             ADR3 EQU 0140H
Number of errors = 0
